TN:
SF:src/entities/Alarm.ts
FN:8,Alarm
FNF:1
FNH:1
FNDA:2,Alarm
DA:1,1
DA:2,1
DA:3,1
DA:4,1
DA:5,1
DA:6,1
DA:7,1
DA:8,1
DA:9,2
DA:10,2
DA:11,2
DA:12,2
DA:13,2
DA:14,2
DA:15,2
DA:16,2
DA:17,2
DA:18,2
DA:19,2
DA:20,2
DA:21,1
LF:21
LH:21
BRDA:8,0,0,2
BRF:1
BRH:1
end_of_record
TN:
SF:src/entities/Holiday.ts
FN:8,Holiday
FN:19,setTimeToMin
FNF:2
FNH:2
FNDA:2,Holiday
FNDA:1,setTimeToMin
DA:1,1
DA:2,1
DA:3,1
DA:4,1
DA:5,1
DA:6,1
DA:7,1
DA:8,1
DA:9,2
DA:10,2
DA:11,2
DA:12,2
DA:13,2
DA:14,2
DA:15,2
DA:16,2
DA:17,1
DA:18,1
DA:19,1
DA:20,1
DA:21,1
DA:22,1
DA:23,1
LF:23
LH:23
BRDA:8,0,0,2
BRDA:19,1,0,1
BRF:2
BRH:2
end_of_record
TN:
SF:src/entities/MedidorMD30.ts
FN:12,MedidorMD30
FNF:1
FNH:1
FNDA:11,MedidorMD30
DA:1,1
DA:2,1
DA:3,1
DA:4,1
DA:5,1
DA:6,1
DA:7,1
DA:8,1
DA:9,1
DA:10,1
DA:11,1
DA:12,1
DA:13,11
DA:14,11
DA:15,11
DA:16,11
DA:17,11
DA:18,11
DA:19,11
DA:20,11
DA:21,11
DA:22,11
DA:23,11
DA:24,11
DA:25,11
DA:26,11
DA:27,1
LF:27
LH:27
BRDA:12,0,0,11
BRF:1
BRH:1
end_of_record
TN:
SF:src/entities/util/EntityFieldsValidators.ts
FN:12,validateAlarmParams
FN:16,validateHolidayParams
FN:20,validateMedidorMD30Params
FNF:3
FNH:3
FNDA:2,validateAlarmParams
FNDA:2,validateHolidayParams
FNDA:11,validateMedidorMD30Params
DA:1,1
DA:2,1
DA:3,1
DA:4,1
DA:5,1
DA:6,1
DA:7,1
DA:8,1
DA:9,1
DA:10,1
DA:11,1
DA:12,2
DA:13,2
DA:14,2
DA:15,1
DA:16,2
DA:17,2
DA:18,2
DA:19,1
DA:20,11
DA:21,11
DA:22,11
DA:23,11
DA:24,11
DA:25,11
DA:26,11
DA:27,11
DA:28,11
DA:29,11
DA:30,11
DA:31,11
DA:32,11
DA:33,11
LF:33
LH:33
BRDA:12,0,0,2
BRDA:13,1,0,1
BRDA:16,2,0,2
BRDA:17,3,0,1
BRDA:20,4,0,11
BRDA:26,5,0,1
BRDA:28,6,0,1
BRDA:30,7,0,2
BRDA:32,8,0,6
BRF:9
BRH:9
end_of_record
TN:
SF:src/entities/util/errors/EmptyMessageError.ts
FN:2,EmptyMessageError
FNF:1
FNH:1
FNDA:1,EmptyMessageError
DA:1,1
DA:2,1
DA:3,1
DA:4,1
DA:5,1
LF:5
LH:5
BRDA:2,0,0,1
BRF:1
BRH:1
end_of_record
TN:
SF:src/entities/util/errors/EmptyNameError.ts
FN:2,EmptyNameError
FNF:1
FNH:1
FNDA:2,EmptyNameError
DA:1,1
DA:2,1
DA:3,2
DA:4,2
DA:5,1
LF:5
LH:5
BRDA:2,0,0,2
BRF:1
BRH:1
end_of_record
TN:
SF:src/entities/util/errors/InvalidIPv4Error.ts
FN:2,InvalidIPv4Error
FNF:1
FNH:1
FNDA:1,InvalidIPv4Error
DA:1,1
DA:2,1
DA:3,1
DA:4,1
DA:5,1
LF:5
LH:5
BRDA:2,0,0,1
BRF:1
BRH:1
end_of_record
TN:
SF:src/entities/util/errors/InvalidPortError.ts
FN:2,InvalidPortError
FNF:1
FNH:1
FNDA:2,InvalidPortError
DA:1,1
DA:2,1
DA:3,2
DA:4,2
DA:5,1
LF:5
LH:5
BRDA:2,0,0,2
BRF:1
BRH:1
end_of_record
TN:
SF:src/entities/util/errors/InvalidRushError.ts
FN:2,InvalidRushError
FNF:1
FNH:1
FNDA:6,InvalidRushError
DA:1,1
DA:2,1
DA:3,6
DA:4,6
DA:5,1
LF:5
LH:5
BRDA:2,0,0,6
BRF:1
BRH:1
end_of_record
TN:
SF:src/entities/util/validators/IPValidators.ts
FN:3,isValidIPv4
FNF:1
FNH:1
FNDA:11,isValidIPv4
DA:1,1
DA:2,1
DA:3,11
DA:4,11
DA:5,11
LF:5
LH:5
BRDA:3,0,0,11
BRF:1
BRH:1
end_of_record
TN:
SF:src/entities/util/validators/PortValidator.ts
FN:1,isValidPort
FNF:1
FNH:1
FNDA:9,isValidPort
DA:1,9
DA:2,9
DA:3,9
LF:3
LH:3
BRDA:1,0,0,9
BRDA:2,1,0,8
BRF:2
BRH:2
end_of_record
TN:
SF:src/entities/util/validators/RushValidator.ts
FN:3,isValidRush
FN:11,isValidHour
FN:15,isValidMinute
FN:19,isValidInterval
FNF:4
FNH:4
FNDA:7,isValidRush
FNDA:7,isValidHour
FNDA:1,isValidMinute
FNDA:1,isValidInterval
DA:1,1
DA:2,1
DA:3,7
DA:4,7
DA:5,7
DA:6,7
DA:7,1
DA:8,7
DA:9,7
DA:10,1
DA:11,7
DA:12,7
DA:13,7
DA:14,1
DA:15,1
DA:16,1
DA:17,1
DA:18,1
DA:19,1
DA:20,1
DA:21,1
LF:21
LH:21
BRDA:3,0,0,7
BRDA:5,1,0,1
BRDA:6,2,0,1
BRDA:11,3,0,7
BRDA:12,4,0,6
BRDA:15,5,0,1
BRDA:19,6,0,1
BRF:7
BRH:7
end_of_record
TN:
SF:src/entities/util/validators/StringValidators.ts
FN:1,isEmptyString
FNF:1
FNH:1
FNDA:14,isEmptyString
DA:1,14
DA:2,14
DA:3,14
LF:3
LH:3
BRDA:1,0,0,14
BRF:1
BRH:1
end_of_record
TN:
SF:src/usecases/util/DateRange.ts
FN:8,DateRange
FN:21,setTimeToMin
FN:26,setTimeToMax
FNF:3
FNH:3
FNDA:2,DateRange
FNDA:2,setTimeToMin
FNDA:2,setTimeToMax
DA:1,1
DA:2,1
DA:3,1
DA:4,1
DA:5,1
DA:6,1
DA:7,1
DA:8,1
DA:9,2
DA:10,2
DA:11,2
DA:12,2
DA:13,1
DA:14,1
DA:15,1
DA:16,1
DA:17,1
DA:18,1
DA:19,1
DA:20,1
DA:21,1
DA:22,2
DA:23,2
DA:24,2
DA:25,1
DA:26,1
DA:27,2
DA:28,2
DA:29,2
DA:30,1
LF:30
LH:30
BRDA:8,0,0,2
BRDA:12,1,0,1
BRDA:21,2,0,2
BRDA:26,3,0,2
BRF:4
BRH:4
end_of_record
TN:
SF:src/usecases/util/errors/InvalidDateRangeError.ts
FN:2,InvalidDateRangeError
FNF:1
FNH:1
FNDA:1,InvalidDateRangeError
DA:1,1
DA:2,1
DA:3,1
DA:4,1
DA:5,1
LF:5
LH:5
BRDA:2,0,0,1
BRF:1
BRH:1
end_of_record
TN:
SF:src/usecases/util/validators/DateRangeValidator.ts
FN:1,isValidDateRange
FNF:1
FNH:1
FNDA:2,isValidDateRange
DA:1,2
DA:2,2
DA:3,2
LF:3
LH:3
BRDA:1,0,0,2
BRF:1
BRH:1
end_of_record
