TN:
SF:src/entities/medidor-md30.ts
FN:15,MedidorMD30
FN:22,addMeasurement
FN:26,getMeasurements
FN:30,addAlarm
FN:34,getAlarms
FNF:5
FNH:5
FNDA:4,MedidorMD30
FNDA:2,addMeasurement
FNDA:1,getMeasurements
FNDA:2,addAlarm
FNDA:1,getAlarms
DA:1,1
DA:2,1
DA:3,1
DA:4,1
DA:5,1
DA:6,1
DA:7,1
DA:8,1
DA:9,1
DA:10,1
DA:11,1
DA:12,1
DA:13,1
DA:14,1
DA:15,1
DA:16,4
DA:17,4
DA:18,4
DA:19,4
DA:20,4
DA:21,1
DA:22,1
DA:23,2
DA:24,2
DA:25,1
DA:26,1
DA:27,1
DA:28,1
DA:29,1
DA:30,1
DA:31,2
DA:32,2
DA:33,1
DA:34,1
DA:35,1
DA:36,1
DA:37,1
LF:37
LH:37
BRDA:15,0,0,4
BRDA:22,1,0,2
BRDA:26,2,0,1
BRDA:30,3,0,2
BRDA:34,4,0,1
BRF:5
BRH:5
end_of_record
